<?xml version="1.0" encoding="UTF-8"?>
<testsuite xmlns:xsi="http://www.w3.org/2001/XMLSchema-instance" xsi:noNamespaceSchemaLocation="https://maven.apache.org/surefire/maven-surefire-plugin/xsd/surefire-test-report-3.0.xsd" version="3.0" name="TestVitor" time="3.186" tests="2" errors="0" skipped="0" failures="0">
  <properties>
[...]
</properties>
  <testcase name="cenarioDois" classname="TestVitor" time="0.002">
    <system-out><![CDATA[vitor
]]></system-out>
  </testcase>
  <testcase name="outrasFormasDeTestar" classname="TestVitor" time="3.142">
    <system-out><![CDATA[81
Vella.Mayer@colten.net
Caleb_Dach@kathleen.us
Patience_Bahringer@dameon.biz
Destinee.Simonis@jose.tv
Keshaun@brown.biz
82
Merle.Schultz@marcel.org
Malvina_Fay@louie.name
Domenick_Douglas@gabe.us
Isaac@allene.net
Marianna.Pacocha@george.net
83
Sister_Barton@lela.com
Autumn.Lebsack@kasandra.ca
Irma.OKon@arden.me
Alaina_Hammes@carter.info
Alia@addison.org
84
Aurelie_McKenzie@providenci.biz
May_Steuber@virgil.net
Tessie@emilie.co.uk
Priscilla@colten.org
Aylin@abigale.me
85
Holden@kenny.io
Guillermo_Dare@dorothea.tv
Oscar@pearline.com
Jonathon_Feest@maxime.io
Micah_Wolf@lennie.co.uk
86
Shany@daisha.biz
Drew_Lemke@alexis.net
Karina.Donnelly@liam.com
Ahmed_Runolfsson@claire.name
Marilou_Halvorson@kane.io
87
Bernie.Schoen@seamus.co.uk
Joesph@darryl.net
Timmothy.Corwin@augustus.co.uk
Julien_OHara@vance.io
Susan.Bartell@euna.org
88
Selena.Quigley@johan.co.uk
Clifton_Boehm@jacynthe.io
Lizzie_Bartell@diamond.net
Yasmeen@golda.ca
Adolf.Russel@clark.ca
89
Elian@matilda.me
Salma@francis.net
Orlando_Dickinson@vern.org
Elda@orval.name
Dennis@karley.net
90
Jedediah@mason.io
Maryam@jack.name
Rick@carlos.tv
Vallie@jerrod.net
Adolph.Hayes@isobel.biz
]]></system-out>
  </testcase>
</testsuite>